OMP_NUM_THREADS=1
gcc  -fopenmp -Wall -std=c99 -O3 heat-omp.c solver-omp.c misc.o -lm  -o heat-omp
heat-omp.c: In function ‘main’:
heat-omp.c:97:13: warning: implicit declaration of function ‘memcpy’ [-Wimplicit-function-declaration]
   97 |             memcpy(param.u,param.uhelp,sizeof(double)*np*np);
      |             ^~~~~~
heat-omp.c:97:13: warning: incompatible implicit declaration of built-in function ‘memcpy’
heat-omp.c:14:1: note: include ‘<string.h>’ or provide a declaration of ‘memcpy’
   13 | #include "heat.h"
  +++ |+#include <string.h>
   14 | #if _EXTRAE_
solver-omp.c: In function ‘relax_gauss_task’:
solver-omp.c:134:9: warning: unused variable ‘blocks’ [-Wunused-variable]
  134 |     int blocks[nbx][nby];
      |         ^~~~~~
Iterations        : 25000
Resolution        : 512
Algorithm         : 0 (Jacobi)
Num. Heat sources : 2
   1: (0.00, 0.00) 1.00 2.50 
   2: (0.50, 1.00) 1.00 2.50 
Time: 20.884 (72.090 GFlop => 3451.92 MFlop/s)
Convergence to residual=0.000064: 25000 iterations
